This file contains any messages produced by compilers while
running configure, to aid debugging if configure makes a mistake.

It was created by configure, which was
generated by GNU Autoconf 2.61.  Invocation command line was

  $ ./configure --with-x --enable-libmp3lame --enable-libtheora --without-forced-embedded-ffmpeg

## --------- ##
## Platform. ##
## --------- ##

hostname = mx-linux
uname -m = i686
uname -r = 4.19.0-14-rt-686-pae
uname -s = Linux
uname -v = #1 SMP PREEMPT RT Debian 4.19.171-2 (2021-01-30)

/usr/bin/uname -p = unknown
/bin/uname -X     = unknown

/bin/arch              = i686
/usr/bin/arch -k       = unknown
/usr/convex/getsysinfo = unknown
/usr/bin/hostinfo      = unknown
/bin/machine           = unknown
/usr/bin/oslevel       = unknown
/bin/universe          = unknown

PATH: /home/wachin/bin
PATH: /usr/local/bin
PATH: /usr/bin
PATH: /bin
PATH: /usr/local/games
PATH: /usr/games
PATH: /sbin
PATH: /usr/sbin


## ----------- ##
## Core tests. ##
## ----------- ##

configure:1888: checking for a BSD-compatible install
configure:1944: result: /usr/bin/install -c
configure:1955: checking whether build environment is sane
configure:1998: result: yes
configure:2026: checking for a thread-safe mkdir -p
configure:2065: result: /usr/bin/mkdir -p
configure:2078: checking for gawk
configure:2094: found /usr/bin/gawk
configure:2105: result: gawk
configure:2116: checking whether make sets $(MAKE)
configure:2137: result: yes
configure:2327: checking whether to enable maintainer-specific portions of Makefiles
configure:2336: result: no
configure:2362: checking for style of include used by make
configure:2390: result: GNU
configure:2460: checking for gcc
configure:2476: found /usr/bin/gcc
configure:2487: result: gcc
configure:2725: checking for C compiler version
configure:2732: gcc --version >&5
gcc (Debian 8.3.0-6) 8.3.0
Copyright (C) 2018 Free Software Foundation, Inc.
This is free software; see the source for copying conditions.  There is NO
warranty; not even for MERCHANTABILITY or FITNESS FOR A PARTICULAR PURPOSE.

configure:2735: $? = 0
configure:2742: gcc -v >&5
Using built-in specs.
COLLECT_GCC=gcc
COLLECT_LTO_WRAPPER=/usr/lib/gcc/i686-linux-gnu/8/lto-wrapper
Target: i686-linux-gnu
Configured with: ../src/configure -v --with-pkgversion='Debian 8.3.0-6' --with-bugurl=file:///usr/share/doc/gcc-8/README.Bugs --enable-languages=c,ada,c++,go,brig,d,fortran,objc,obj-c++ --prefix=/usr --with-gcc-major-version-only --program-suffix=-8 --program-prefix=i686-linux-gnu- --enable-shared --enable-linker-build-id --libexecdir=/usr/lib --without-included-gettext --enable-threads=posix --libdir=/usr/lib --enable-nls --enable-bootstrap --enable-clocale=gnu --enable-libstdcxx-debug --enable-libstdcxx-time=yes --with-default-libstdcxx-abi=new --enable-gnu-unique-object --disable-vtable-verify --enable-libmpx --enable-plugin --enable-default-pie --with-system-zlib --with-target-system-zlib --enable-objc-gc=auto --enable-targets=all --enable-multiarch --disable-werror --with-arch-32=i686 --with-multilib-list=m32,m64,mx32 --enable-multilib --with-tune=generic --enable-checking=release --build=i686-linux-gnu --host=i686-linux-gnu --target=i686-linux-gnu
Thread model: posix
gcc version 8.3.0 (Debian 8.3.0-6) 
configure:2745: $? = 0
configure:2752: gcc -V >&5
gcc: error: unrecognized command line option '-V'
gcc: fatal error: no input files
compilation terminated.
configure:2755: $? = 1
configure:2778: checking for C compiler default output file name
configure:2805: gcc    conftest.c -lXext -lX11 >&5
configure:2808: $? = 0
configure:2846: result: a.out
configure:2863: checking whether the C compiler works
configure:2873: ./a.out
configure:2876: $? = 0
configure:2893: result: yes
configure:2900: checking whether we are cross compiling
configure:2902: result: no
configure:2905: checking for suffix of executables
configure:2912: gcc -o conftest    conftest.c -lXext -lX11 >&5
configure:2915: $? = 0
configure:2939: result: 
configure:2945: checking for suffix of object files
configure:2971: gcc -c   conftest.c >&5
configure:2974: $? = 0
configure:2997: result: o
configure:3001: checking whether we are using the GNU C compiler
configure:3030: gcc -c   conftest.c >&5
configure:3036: $? = 0
configure:3053: result: yes
configure:3058: checking whether gcc accepts -g
configure:3088: gcc -c -g  conftest.c >&5
configure:3094: $? = 0
configure:3193: result: yes
configure:3210: checking for gcc option to accept ISO C89
configure:3284: gcc  -c -g -O2  conftest.c >&5
configure:3290: $? = 0
configure:3313: result: none needed
configure:3333: checking dependency style of gcc
configure:3424: result: gcc3
configure:3510: checking for xgettext
configure:3528: found /usr/bin/xgettext
configure:3540: result: /usr/bin/xgettext
configure:3550: checking for msgmerge
configure:3568: found /usr/bin/msgmerge
configure:3580: result: /usr/bin/msgmerge
configure:3590: checking for msgfmt
configure:3608: found /usr/bin/msgfmt
configure:3620: result: /usr/bin/msgfmt
configure:3652: checking for perl
configure:3670: found /usr/bin/perl
configure:3682: result: /usr/bin/perl
configure:3701: checking for XML::Parser
configure:3704: result: ok
configure:3741: gcc -o conftest -g -O2   conftest.c -lXext -lX11 >&5
configure:3747: $? = 0
configure:3869: checking for library containing strerror
configure:3910: gcc -o conftest -g -O2   conftest.c -lXext -lX11 >&5
configure:3916: $? = 0
configure:3944: result: none required
configure:4000: checking for gcc
configure:4027: result: gcc
configure:4265: checking for C compiler version
configure:4272: gcc --version >&5
gcc (Debian 8.3.0-6) 8.3.0
Copyright (C) 2018 Free Software Foundation, Inc.
This is free software; see the source for copying conditions.  There is NO
warranty; not even for MERCHANTABILITY or FITNESS FOR A PARTICULAR PURPOSE.

configure:4275: $? = 0
configure:4282: gcc -v >&5
Using built-in specs.
COLLECT_GCC=gcc
COLLECT_LTO_WRAPPER=/usr/lib/gcc/i686-linux-gnu/8/lto-wrapper
Target: i686-linux-gnu
Configured with: ../src/configure -v --with-pkgversion='Debian 8.3.0-6' --with-bugurl=file:///usr/share/doc/gcc-8/README.Bugs --enable-languages=c,ada,c++,go,brig,d,fortran,objc,obj-c++ --prefix=/usr --with-gcc-major-version-only --program-suffix=-8 --program-prefix=i686-linux-gnu- --enable-shared --enable-linker-build-id --libexecdir=/usr/lib --without-included-gettext --enable-threads=posix --libdir=/usr/lib --enable-nls --enable-bootstrap --enable-clocale=gnu --enable-libstdcxx-debug --enable-libstdcxx-time=yes --with-default-libstdcxx-abi=new --enable-gnu-unique-object --disable-vtable-verify --enable-libmpx --enable-plugin --enable-default-pie --with-system-zlib --with-target-system-zlib --enable-objc-gc=auto --enable-targets=all --enable-multiarch --disable-werror --with-arch-32=i686 --with-multilib-list=m32,m64,mx32 --enable-multilib --with-tune=generic --enable-checking=release --build=i686-linux-gnu --host=i686-linux-gnu --target=i686-linux-gnu
Thread model: posix
gcc version 8.3.0 (Debian 8.3.0-6) 
configure:4285: $? = 0
configure:4292: gcc -V >&5
gcc: error: unrecognized command line option '-V'
gcc: fatal error: no input files
compilation terminated.
configure:4295: $? = 1
configure:4298: checking whether we are using the GNU C compiler
configure:4350: result: yes
configure:4355: checking whether gcc accepts -g
configure:4490: result: yes
configure:4507: checking for gcc option to accept ISO C89
configure:4610: result: none needed
configure:4630: checking dependency style of gcc
configure:4721: result: gcc3
configure:4784: checking for gcc
configure:4811: result: gcc
configure:5049: checking for C compiler version
configure:5056: gcc --version >&5
gcc (Debian 8.3.0-6) 8.3.0
Copyright (C) 2018 Free Software Foundation, Inc.
This is free software; see the source for copying conditions.  There is NO
warranty; not even for MERCHANTABILITY or FITNESS FOR A PARTICULAR PURPOSE.

configure:5059: $? = 0
configure:5066: gcc -v >&5
Using built-in specs.
COLLECT_GCC=gcc
COLLECT_LTO_WRAPPER=/usr/lib/gcc/i686-linux-gnu/8/lto-wrapper
Target: i686-linux-gnu
Configured with: ../src/configure -v --with-pkgversion='Debian 8.3.0-6' --with-bugurl=file:///usr/share/doc/gcc-8/README.Bugs --enable-languages=c,ada,c++,go,brig,d,fortran,objc,obj-c++ --prefix=/usr --with-gcc-major-version-only --program-suffix=-8 --program-prefix=i686-linux-gnu- --enable-shared --enable-linker-build-id --libexecdir=/usr/lib --without-included-gettext --enable-threads=posix --libdir=/usr/lib --enable-nls --enable-bootstrap --enable-clocale=gnu --enable-libstdcxx-debug --enable-libstdcxx-time=yes --with-default-libstdcxx-abi=new --enable-gnu-unique-object --disable-vtable-verify --enable-libmpx --enable-plugin --enable-default-pie --with-system-zlib --with-target-system-zlib --enable-objc-gc=auto --enable-targets=all --enable-multiarch --disable-werror --with-arch-32=i686 --with-multilib-list=m32,m64,mx32 --enable-multilib --with-tune=generic --enable-checking=release --build=i686-linux-gnu --host=i686-linux-gnu --target=i686-linux-gnu
Thread model: posix
gcc version 8.3.0 (Debian 8.3.0-6) 
configure:5069: $? = 0
configure:5076: gcc -V >&5
gcc: error: unrecognized command line option '-V'
gcc: fatal error: no input files
compilation terminated.
configure:5079: $? = 1
configure:5082: checking whether we are using the GNU C compiler
configure:5134: result: yes
configure:5139: checking whether gcc accepts -g
configure:5274: result: yes
configure:5291: checking for gcc option to accept ISO C89
configure:5394: result: none needed
configure:5414: checking dependency style of gcc
configure:5505: result: gcc3
configure:5528: checking how to run the C preprocessor
configure:5568: gcc -E  conftest.c
configure:5574: $? = 0
configure:5605: gcc -E  conftest.c
conftest.c:10:10: fatal error: ac_nonexistent.h: No such file or directory
 #include <ac_nonexistent.h>
          ^~~~~~~~~~~~~~~~~~
compilation terminated.
configure:5611: $? = 1
configure: failed program was:
| /* confdefs.h.  */
| #define PACKAGE_NAME ""
| #define PACKAGE_TARNAME ""
| #define PACKAGE_VERSION ""
| #define PACKAGE_STRING ""
| #define PACKAGE_BUGREPORT ""
| #define PACKAGE "xvidcap"
| #define VERSION "1.1.7"
| /* end confdefs.h.  */
| #include <ac_nonexistent.h>
configure:5644: result: gcc -E
configure:5673: gcc -E  conftest.c
configure:5679: $? = 0
configure:5710: gcc -E  conftest.c
conftest.c:10:10: fatal error: ac_nonexistent.h: No such file or directory
 #include <ac_nonexistent.h>
          ^~~~~~~~~~~~~~~~~~
compilation terminated.
configure:5716: $? = 1
configure: failed program was:
| /* confdefs.h.  */
| #define PACKAGE_NAME ""
| #define PACKAGE_TARNAME ""
| #define PACKAGE_VERSION ""
| #define PACKAGE_STRING ""
| #define PACKAGE_BUGREPORT ""
| #define PACKAGE "xvidcap"
| #define VERSION "1.1.7"
| /* end confdefs.h.  */
| #include <ac_nonexistent.h>
configure:5754: checking for grep that handles long lines and -e
configure:5828: result: /usr/bin/grep
configure:5833: checking for egrep
configure:5911: result: /usr/bin/grep -E
configure:5916: checking for ANSI C header files
configure:5946: gcc -c -g -O2  conftest.c >&5
configure:5952: $? = 0
configure:6051: gcc -o conftest -g -O2   conftest.c -lXext -lX11 >&5
configure:6054: $? = 0
configure:6060: ./conftest
configure:6063: $? = 0
configure:6080: result: yes
configure:6090: checking whether make sets $(MAKE)
configure:6111: result: yes
configure:6163: checking for ranlib
configure:6179: found /usr/bin/ranlib
configure:6190: result: ranlib
configure:6220: checking for gawk
configure:6247: result: gawk
configure:6258: checking for a sed that does not truncate output
configure:6337: result: /usr/bin/sed
configure:6344: checking for bc
configure:6362: found /usr/bin/bc
configure:6375: result: /usr/bin/bc
configure:6384: checking for X
configure:6554: gcc -o conftest -g -O2   conftest.c -lX11 -lXext -lX11 >&5
configure:6560: $? = 0
configure:6619: result: libraries , headers 
configure:6780: gcc -o conftest -g -O2   conftest.c -lXext -lX11  -lX11 >&5
configure:6786: $? = 0
configure:6943: checking for gethostbyname
configure:6999: gcc -o conftest -g -O2   conftest.c -lXext -lX11 >&5
configure:7005: $? = 0
configure:7022: result: yes
configure:7167: checking for connect
configure:7223: gcc -o conftest -g -O2   conftest.c -lXext -lX11 >&5
configure:7229: $? = 0
configure:7246: result: yes
configure:7318: checking for remove
configure:7374: gcc -o conftest -g -O2   conftest.c -lXext -lX11 >&5
configure:7380: $? = 0
configure:7397: result: yes
configure:7469: checking for shmat
configure:7525: gcc -o conftest -g -O2   conftest.c -lXext -lX11 >&5
configure:7531: $? = 0
configure:7548: result: yes
configure:7629: checking for IceConnectionNumber in -lICE
configure:7664: gcc -o conftest -g -O2   conftest.c -lICE  -lXext -lX11 >&5
configure:7670: $? = 0
configure:7688: result: yes
configure:7708: checking for scrollkeeper-config
configure:7726: found /usr/bin/scrollkeeper-config
configure:7739: result: /usr/bin/scrollkeeper-config
configure:7758: checking for docbook2x-man
configure:7776: found /usr/bin/docbook2x-man
configure:7789: result: /usr/bin/docbook2x-man
configure:7850: checking for xml2po
configure:7868: found /usr/bin/xml2po
configure:7881: result: /usr/bin/xml2po
configure:7926: checking for sys/types.h
configure:7947: gcc -c -g -O2  conftest.c >&5
configure:7953: $? = 0
configure:7969: result: yes
configure:7926: checking for sys/stat.h
configure:7947: gcc -c -g -O2  conftest.c >&5
configure:7953: $? = 0
configure:7969: result: yes
configure:7926: checking for stdlib.h
configure:7947: gcc -c -g -O2  conftest.c >&5
configure:7953: $? = 0
configure:7969: result: yes
configure:7926: checking for string.h
configure:7947: gcc -c -g -O2  conftest.c >&5
configure:7953: $? = 0
configure:7969: result: yes
configure:7926: checking for memory.h
configure:7947: gcc -c -g -O2  conftest.c >&5
configure:7953: $? = 0
configure:7969: result: yes
configure:7926: checking for strings.h
configure:7947: gcc -c -g -O2  conftest.c >&5
configure:7953: $? = 0
configure:7969: result: yes
configure:7926: checking for inttypes.h
configure:7947: gcc -c -g -O2  conftest.c >&5
configure:7953: $? = 0
configure:7969: result: yes
configure:7926: checking for stdint.h
configure:7947: gcc -c -g -O2  conftest.c >&5
configure:7953: $? = 0
configure:7969: result: yes
configure:7926: checking for unistd.h
configure:7947: gcc -c -g -O2  conftest.c >&5
configure:7953: $? = 0
configure:7969: result: yes
configure:7997: checking locale.h usability
configure:8014: gcc -c -g -O2  conftest.c >&5
configure:8020: $? = 0
configure:8034: result: yes
configure:8038: checking locale.h presence
configure:8053: gcc -E  conftest.c
configure:8059: $? = 0
configure:8073: result: yes
configure:8101: checking for locale.h
configure:8109: result: yes
configure:8123: checking for LC_MESSAGES
configure:8149: gcc -o conftest -g -O2   conftest.c -lXext -lX11 >&5
configure:8155: $? = 0
configure:8172: result: yes
configure:8201: checking libintl.h usability
configure:8218: gcc -c -g -O2  conftest.c >&5
configure:8224: $? = 0
configure:8238: result: yes
configure:8242: checking libintl.h presence
configure:8257: gcc -E  conftest.c
configure:8263: $? = 0
configure:8277: result: yes
configure:8305: checking for libintl.h
configure:8312: result: yes
configure:8323: checking for ngettext in libc
configure:8351: gcc -o conftest -g -O2   conftest.c -lXext -lX11 >&5
configure:8357: $? = 0
configure:8375: result: yes
configure:8379: checking for dgettext in libc
configure:8407: gcc -o conftest -g -O2   conftest.c -lXext -lX11 >&5
configure:8413: $? = 0
configure:8431: result: yes
configure:8440: checking for bind_textdomain_codeset
configure:8496: gcc -o conftest -g -O2   conftest.c -lXext -lX11 >&5
configure:8502: $? = 0
configure:8520: result: yes
configure:9007: checking for msgfmt
configure:9034: result: /usr/bin/msgfmt
configure:9047: checking for dcgettext
configure:9103: gcc -o conftest -g -O2   conftest.c -lXext -lX11  >&5
conftest.c:48:6: warning: conflicting types for built-in function 'dcgettext' [-Wbuiltin-declaration-mismatch]
 char dcgettext ();
      ^~~~~~~~~
configure:9109: $? = 0
configure:9127: result: yes
configure:9138: checking if msgfmt accepts -c
configure:9153: $MSGFMT -c -o /dev/null conftest.foo
conftest.foo:3: warning: header field 'Language' missing in header
configure:9156: $? = 0
configure:9158: result: yes
configure:9168: checking for gmsgfmt
configure:9199: result: /usr/bin/msgfmt
configure:9209: checking for xgettext
configure:9236: result: /usr/bin/xgettext
configure:9265: gcc -o conftest -g -O2   conftest.c -lXext -lX11  >&5
configure:9271: $? = 0
configure:9440: checking for catalogs to be installed
configure:9465: result:  de en it es
configure:9552: checking for pkg-config
configure:9570: found /usr/bin/pkg-config
configure:9582: result: /usr/bin/pkg-config
configure:9611: checking pkg-config is at least version 0.9.0
configure:9614: result: yes
configure:9625: checking for PACKAGE
configure:9633: $PKG_CONFIG --exists --print-errors "gtk+-2.0 >= 2.4.0 libglade-2.0 glib-2.0 gthread-2.0"
configure:9636: $? = 0
configure:9651: $PKG_CONFIG --exists --print-errors "gtk+-2.0 >= 2.4.0 libglade-2.0 glib-2.0 gthread-2.0"
configure:9654: $? = 0
configure:9730: result: yes
configure:9735: $PKG_CONFIG --exists --print-errors "dbus-1 dbus-glib-1"
configure:9738: $? = 0
configure:9750: $PKG_CONFIG --exists --print-errors "dbus-1 dbus-glib-1"
configure:9753: $? = 0
configure:9769: $PKG_CONFIG --exists --print-errors "dbus-1 dbus-glib-1"
configure:9772: $? = 0
configure:9970: checking for XmuClientWindow in -lXmu
configure:10005: gcc -o conftest -g -O2   conftest.c -lXmu  -lXext -lX11 >&5
configure:10011: $? = 0
configure:10029: result: yes
configure:10111: checking for XFixesGetCursorImage in -lXfixes
configure:10146: gcc -o conftest -g -O2   conftest.c -lXfixes  -lXmu -lXext -lX11 >&5
configure:10152: $? = 0
configure:10170: result: yes
configure:10252: checking for XDamageSubtract in -lXdamage
configure:10287: gcc -o conftest -g -O2   conftest.c -lXdamage  -lXfixes -lXmu -lXext -lX11 >&5
configure:10293: $? = 0
configure:10311: result: yes
configure:10405: checking for pow in -lm
configure:10440: gcc -o conftest -g -O2   conftest.c -lm  -lXdamage -lXfixes -lXmu -lXext -lX11 >&5
conftest.c:37:6: warning: conflicting types for built-in function 'pow' [-Wbuiltin-declaration-mismatch]
 char pow ();
      ^~~
configure:10446: $? = 0
configure:10464: result: yes
configure:10485: checking for lame_init in -lmp3lame
configure:10520: gcc -o conftest -g -O2   conftest.c -lmp3lame  -lm -lXdamage -lXfixes -lXmu -lXext -lX11 >&5
configure:10526: $? = 0
configure:10544: result: yes
configure:10570: checking for ogg_sync_init in -logg
configure:10605: gcc -o conftest -g -O2   conftest.c -logg  -lmp3lame -lm -lXdamage -lXfixes -lXmu -lXext -lX11 >&5
configure:10611: $? = 0
configure:10629: result: yes
configure:10647: checking for theora_encode_init in -ltheora
configure:10682: gcc -o conftest -g -O2   conftest.c -ltheora -logg -logg -lmp3lame -lm -lXdamage -lXfixes -lXmu -lXext -lX11 >&5
configure:10688: $? = 0
configure:10706: result: yes
configure:10739: checking build system type
configure:10757: result: i686-pc-linux-gnu
configure:10779: checking host system type
configure:10794: result: i686-pc-linux-gnu
configure:11008: checking for the pthreads library -lpthreads
configure:11051: gcc -o conftest -g -O2    conftest.c -lpthreads -ltheora -logg -lmp3lame -lm -lXdamage -lXfixes -lXmu -lXext -lX11 >&5
/usr/bin/ld: cannot find -lpthreads
collect2: error: ld returned 1 exit status
configure:11057: $? = 1
configure: failed program was:
| /* confdefs.h.  */
| #define PACKAGE_NAME ""
| #define PACKAGE_TARNAME ""
| #define PACKAGE_VERSION ""
| #define PACKAGE_STRING ""
| #define PACKAGE_BUGREPORT ""
| #define PACKAGE "xvidcap"
| #define VERSION "1.1.7"
| #define STDC_HEADERS 1
| #define GETTEXT_PACKAGE "xvidcap"
| #define HAVE_SYS_TYPES_H 1
| #define HAVE_SYS_STAT_H 1
| #define HAVE_STDLIB_H 1
| #define HAVE_STRING_H 1
| #define HAVE_MEMORY_H 1
| #define HAVE_STRINGS_H 1
| #define HAVE_INTTYPES_H 1
| #define HAVE_STDINT_H 1
| #define HAVE_UNISTD_H 1
| #define HAVE_LOCALE_H 1
| #define HAVE_LC_MESSAGES 1
| #define HAVE_BIND_TEXTDOMAIN_CODESET 1
| #define HAVE_GETTEXT 1
| #define HAVE_DCGETTEXT 1
| #define ENABLE_NLS 1
| #define HAVE_LIBXMU 1
| #define HAVE_LIBXFIXES 1
| #define HAVE_LIBXDAMAGE 1
| #define HAVE_LIBM 1
| #define HAVE_LIBMP3LAME 1
| #define HAVE_LIBOGG 1
| #define HAVE_LIBTHEORA 1
| /* end confdefs.h.  */
| #include <pthread.h>
| int
| main ()
| {
| pthread_t th; pthread_join(th, 0);
|                      pthread_attr_init(0); pthread_cleanup_push(0, 0);
|                      pthread_create(0,0,0,0); pthread_cleanup_pop(0);
|   ;
|   return 0;
| }
configure:11077: result: no
configure:10953: checking whether pthreads work without any flags
configure:11051: gcc -o conftest -g -O2    conftest.c  -ltheora -logg -lmp3lame -lm -lXdamage -lXfixes -lXmu -lXext -lX11 >&5
/usr/bin/ld: /tmp/cc4z2iiI.o: undefined reference to symbol 'pthread_create@@GLIBC_2.1'
/usr/bin/ld: //lib/i386-linux-gnu/libpthread.so.0: error adding symbols: DSO missing from command line
collect2: error: ld returned 1 exit status
configure:11057: $? = 1
configure: failed program was:
| /* confdefs.h.  */
| #define PACKAGE_NAME ""
| #define PACKAGE_TARNAME ""
| #define PACKAGE_VERSION ""
| #define PACKAGE_STRING ""
| #define PACKAGE_BUGREPORT ""
| #define PACKAGE "xvidcap"
| #define VERSION "1.1.7"
| #define STDC_HEADERS 1
| #define GETTEXT_PACKAGE "xvidcap"
| #define HAVE_SYS_TYPES_H 1
| #define HAVE_SYS_STAT_H 1
| #define HAVE_STDLIB_H 1
| #define HAVE_STRING_H 1
| #define HAVE_MEMORY_H 1
| #define HAVE_STRINGS_H 1
| #define HAVE_INTTYPES_H 1
| #define HAVE_STDINT_H 1
| #define HAVE_UNISTD_H 1
| #define HAVE_LOCALE_H 1
| #define HAVE_LC_MESSAGES 1
| #define HAVE_BIND_TEXTDOMAIN_CODESET 1
| #define HAVE_GETTEXT 1
| #define HAVE_DCGETTEXT 1
| #define ENABLE_NLS 1
| #define HAVE_LIBXMU 1
| #define HAVE_LIBXFIXES 1
| #define HAVE_LIBXDAMAGE 1
| #define HAVE_LIBM 1
| #define HAVE_LIBMP3LAME 1
| #define HAVE_LIBOGG 1
| #define HAVE_LIBTHEORA 1
| /* end confdefs.h.  */
| #include <pthread.h>
| int
| main ()
| {
| pthread_t th; pthread_join(th, 0);
|                      pthread_attr_init(0); pthread_cleanup_push(0, 0);
|                      pthread_create(0,0,0,0); pthread_cleanup_pop(0);
|   ;
|   return 0;
| }
configure:11077: result: no
configure:10958: checking whether pthreads work with -Kthread
configure:11051: gcc -o conftest -g -O2 -Kthread   conftest.c  -ltheora -logg -lmp3lame -lm -lXdamage -lXfixes -lXmu -lXext -lX11 >&5
gcc: error: unrecognized command line option '-Kthread'; did you mean '-pthread'?
configure:11057: $? = 1
configure: failed program was:
| /* confdefs.h.  */
| #define PACKAGE_NAME ""
| #define PACKAGE_TARNAME ""
| #define PACKAGE_VERSION ""
| #define PACKAGE_STRING ""
| #define PACKAGE_BUGREPORT ""
| #define PACKAGE "xvidcap"
| #define VERSION "1.1.7"
| #define STDC_HEADERS 1
| #define GETTEXT_PACKAGE "xvidcap"
| #define HAVE_SYS_TYPES_H 1
| #define HAVE_SYS_STAT_H 1
| #define HAVE_STDLIB_H 1
| #define HAVE_STRING_H 1
| #define HAVE_MEMORY_H 1
| #define HAVE_STRINGS_H 1
| #define HAVE_INTTYPES_H 1
| #define HAVE_STDINT_H 1
| #define HAVE_UNISTD_H 1
| #define HAVE_LOCALE_H 1
| #define HAVE_LC_MESSAGES 1
| #define HAVE_BIND_TEXTDOMAIN_CODESET 1
| #define HAVE_GETTEXT 1
| #define HAVE_DCGETTEXT 1
| #define ENABLE_NLS 1
| #define HAVE_LIBXMU 1
| #define HAVE_LIBXFIXES 1
| #define HAVE_LIBXDAMAGE 1
| #define HAVE_LIBM 1
| #define HAVE_LIBMP3LAME 1
| #define HAVE_LIBOGG 1
| #define HAVE_LIBTHEORA 1
| /* end confdefs.h.  */
| #include <pthread.h>
| int
| main ()
| {
| pthread_t th; pthread_join(th, 0);
|                      pthread_attr_init(0); pthread_cleanup_push(0, 0);
|                      pthread_create(0,0,0,0); pthread_cleanup_pop(0);
|   ;
|   return 0;
| }
configure:11077: result: no
configure:10958: checking whether pthreads work with -kthread
configure:11051: gcc -o conftest -g -O2 -kthread   conftest.c  -ltheora -logg -lmp3lame -lm -lXdamage -lXfixes -lXmu -lXext -lX11 >&5
gcc: error: unrecognized command line option '-kthread'; did you mean '-pthread'?
configure:11057: $? = 1
configure: failed program was:
| /* confdefs.h.  */
| #define PACKAGE_NAME ""
| #define PACKAGE_TARNAME ""
| #define PACKAGE_VERSION ""
| #define PACKAGE_STRING ""
| #define PACKAGE_BUGREPORT ""
| #define PACKAGE "xvidcap"
| #define VERSION "1.1.7"
| #define STDC_HEADERS 1
| #define GETTEXT_PACKAGE "xvidcap"
| #define HAVE_SYS_TYPES_H 1
| #define HAVE_SYS_STAT_H 1
| #define HAVE_STDLIB_H 1
| #define HAVE_STRING_H 1
| #define HAVE_MEMORY_H 1
| #define HAVE_STRINGS_H 1
| #define HAVE_INTTYPES_H 1
| #define HAVE_STDINT_H 1
| #define HAVE_UNISTD_H 1
| #define HAVE_LOCALE_H 1
| #define HAVE_LC_MESSAGES 1
| #define HAVE_BIND_TEXTDOMAIN_CODESET 1
| #define HAVE_GETTEXT 1
| #define HAVE_DCGETTEXT 1
| #define ENABLE_NLS 1
| #define HAVE_LIBXMU 1
| #define HAVE_LIBXFIXES 1
| #define HAVE_LIBXDAMAGE 1
| #define HAVE_LIBM 1
| #define HAVE_LIBMP3LAME 1
| #define HAVE_LIBOGG 1
| #define HAVE_LIBTHEORA 1
| /* end confdefs.h.  */
| #include <pthread.h>
| int
| main ()
| {
| pthread_t th; pthread_join(th, 0);
|                      pthread_attr_init(0); pthread_cleanup_push(0, 0);
|                      pthread_create(0,0,0,0); pthread_cleanup_pop(0);
|   ;
|   return 0;
| }
configure:11077: result: no
configure:11008: checking for the pthreads library -llthread
configure:11051: gcc -o conftest -g -O2    conftest.c -llthread -ltheora -logg -lmp3lame -lm -lXdamage -lXfixes -lXmu -lXext -lX11 >&5
/usr/bin/ld: cannot find -llthread
collect2: error: ld returned 1 exit status
configure:11057: $? = 1
configure: failed program was:
| /* confdefs.h.  */
| #define PACKAGE_NAME ""
| #define PACKAGE_TARNAME ""
| #define PACKAGE_VERSION ""
| #define PACKAGE_STRING ""
| #define PACKAGE_BUGREPORT ""
| #define PACKAGE "xvidcap"
| #define VERSION "1.1.7"
| #define STDC_HEADERS 1
| #define GETTEXT_PACKAGE "xvidcap"
| #define HAVE_SYS_TYPES_H 1
| #define HAVE_SYS_STAT_H 1
| #define HAVE_STDLIB_H 1
| #define HAVE_STRING_H 1
| #define HAVE_MEMORY_H 1
| #define HAVE_STRINGS_H 1
| #define HAVE_INTTYPES_H 1
| #define HAVE_STDINT_H 1
| #define HAVE_UNISTD_H 1
| #define HAVE_LOCALE_H 1
| #define HAVE_LC_MESSAGES 1
| #define HAVE_BIND_TEXTDOMAIN_CODESET 1
| #define HAVE_GETTEXT 1
| #define HAVE_DCGETTEXT 1
| #define ENABLE_NLS 1
| #define HAVE_LIBXMU 1
| #define HAVE_LIBXFIXES 1
| #define HAVE_LIBXDAMAGE 1
| #define HAVE_LIBM 1
| #define HAVE_LIBMP3LAME 1
| #define HAVE_LIBOGG 1
| #define HAVE_LIBTHEORA 1
| /* end confdefs.h.  */
| #include <pthread.h>
| int
| main ()
| {
| pthread_t th; pthread_join(th, 0);
|                      pthread_attr_init(0); pthread_cleanup_push(0, 0);
|                      pthread_create(0,0,0,0); pthread_cleanup_pop(0);
|   ;
|   return 0;
| }
configure:11077: result: no
configure:10958: checking whether pthreads work with -pthread
configure:11051: gcc -o conftest -g -O2 -pthread   conftest.c  -ltheora -logg -lmp3lame -lm -lXdamage -lXfixes -lXmu -lXext -lX11 >&5
configure:11057: $? = 0
configure:11077: result: yes
configure:11096: checking for joinable pthread attribute
configure:11121: gcc -o conftest -g -O2 -pthread   conftest.c  -ltheora -logg -lmp3lame -lm -lXdamage -lXfixes -lXmu -lXext -lX11 >&5
configure:11127: $? = 0
configure:11144: result: PTHREAD_CREATE_JOINABLE
configure:11154: checking if more special flags are required for pthreads
configure:11161: result: no
configure:11390: checking for av_rescale in -lavutil
configure:11425: gcc -o conftest -g -O2 -pthread   conftest.c -lavutil   -ltheora -logg -lmp3lame -lm -lXdamage -lXfixes -lXmu -lXext -lX11 >&5
configure:11431: $? = 0
configure:11449: result: yes
configure:11548: checking for sws_scale in -lswscale
configure:11583: gcc -o conftest -g -O2 -pthread   conftest.c -lswscale  -lavutil  -ltheora -logg -lmp3lame -lm -lXdamage -lXfixes -lXmu -lXext -lX11 >&5
configure:11589: $? = 0
configure:11607: result: yes
configure:11709: checking for avcodec_encode_video in -lavcodec
configure:11744: gcc -o conftest -g -O2 -pthread   conftest.c -lavcodec -lz -lswscale -lavutil  -ltheora -logg -lmp3lame -lm -lXdamage -lXfixes -lXmu -lXext -lX11 >&5
/usr/bin/ld: /tmp/ccUXkEbf.o: in function `main':
/home/wachin/github-wachi_builds/xvidcap/xvidcap-patched-mx19/conftest.c:47: undefined reference to `avcodec_encode_video'
collect2: error: ld returned 1 exit status
configure:11750: $? = 1
configure: failed program was:
| /* confdefs.h.  */
| #define PACKAGE_NAME ""
| #define PACKAGE_TARNAME ""
| #define PACKAGE_VERSION ""
| #define PACKAGE_STRING ""
| #define PACKAGE_BUGREPORT ""
| #define PACKAGE "xvidcap"
| #define VERSION "1.1.7"
| #define STDC_HEADERS 1
| #define GETTEXT_PACKAGE "xvidcap"
| #define HAVE_SYS_TYPES_H 1
| #define HAVE_SYS_STAT_H 1
| #define HAVE_STDLIB_H 1
| #define HAVE_STRING_H 1
| #define HAVE_MEMORY_H 1
| #define HAVE_STRINGS_H 1
| #define HAVE_INTTYPES_H 1
| #define HAVE_STDINT_H 1
| #define HAVE_UNISTD_H 1
| #define HAVE_LOCALE_H 1
| #define HAVE_LC_MESSAGES 1
| #define HAVE_BIND_TEXTDOMAIN_CODESET 1
| #define HAVE_GETTEXT 1
| #define HAVE_DCGETTEXT 1
| #define ENABLE_NLS 1
| #define HAVE_LIBXMU 1
| #define HAVE_LIBXFIXES 1
| #define HAVE_LIBXDAMAGE 1
| #define HAVE_LIBM 1
| #define HAVE_LIBMP3LAME 1
| #define HAVE_LIBOGG 1
| #define HAVE_LIBTHEORA 1
| #define HAVE_LIBAVUTIL 1
| #define HAVE_LIBSWSCALE 1
| /* end confdefs.h.  */
| 
| /* Override any GCC internal prototype to avoid an error.
|    Use char because int might match the return type of a GCC
|    builtin and then its argument prototype would still apply.  */
| #ifdef __cplusplus
| extern "C"
| #endif
| char avcodec_encode_video ();
| int
| main ()
| {
| return avcodec_encode_video ();
|   ;
|   return 0;
| }
configure:11768: result: no
configure:11870: checking for av_write_header in -lavformat
configure:11905: gcc -o conftest -g -O2 -pthread   conftest.c -lavformat -lz -lswscale -lavutil  -ltheora -logg -lmp3lame -lm -lXdamage -lXfixes -lXmu -lXext -lX11 >&5
/usr/bin/ld: /tmp/ccNr2Pkh.o: in function `main':
/home/wachin/github-wachi_builds/xvidcap/xvidcap-patched-mx19/conftest.c:47: undefined reference to `av_write_header'
collect2: error: ld returned 1 exit status
configure:11911: $? = 1
configure: failed program was:
| /* confdefs.h.  */
| #define PACKAGE_NAME ""
| #define PACKAGE_TARNAME ""
| #define PACKAGE_VERSION ""
| #define PACKAGE_STRING ""
| #define PACKAGE_BUGREPORT ""
| #define PACKAGE "xvidcap"
| #define VERSION "1.1.7"
| #define STDC_HEADERS 1
| #define GETTEXT_PACKAGE "xvidcap"
| #define HAVE_SYS_TYPES_H 1
| #define HAVE_SYS_STAT_H 1
| #define HAVE_STDLIB_H 1
| #define HAVE_STRING_H 1
| #define HAVE_MEMORY_H 1
| #define HAVE_STRINGS_H 1
| #define HAVE_INTTYPES_H 1
| #define HAVE_STDINT_H 1
| #define HAVE_UNISTD_H 1
| #define HAVE_LOCALE_H 1
| #define HAVE_LC_MESSAGES 1
| #define HAVE_BIND_TEXTDOMAIN_CODESET 1
| #define HAVE_GETTEXT 1
| #define HAVE_DCGETTEXT 1
| #define ENABLE_NLS 1
| #define HAVE_LIBXMU 1
| #define HAVE_LIBXFIXES 1
| #define HAVE_LIBXDAMAGE 1
| #define HAVE_LIBM 1
| #define HAVE_LIBMP3LAME 1
| #define HAVE_LIBOGG 1
| #define HAVE_LIBTHEORA 1
| #define HAVE_LIBAVUTIL 1
| #define HAVE_LIBSWSCALE 1
| /* end confdefs.h.  */
| 
| /* Override any GCC internal prototype to avoid an error.
|    Use char because int might match the return type of a GCC
|    builtin and then its argument prototype would still apply.  */
| #ifdef __cplusplus
| extern "C"
| #endif
| char av_write_header ();
| int
| main ()
| {
| return av_write_header ();
|   ;
|   return 0;
| }
configure:11929: result: no
configure:12031: checking for avdevice_register_all in -lavdevice
configure:12066: gcc -o conftest -g -O2 -pthread   conftest.c -lavdevice -lz -lswscale -lavutil  -ltheora -logg -lmp3lame -lm -lXdamage -lXfixes -lXmu -lXext -lX11 >&5
/usr/bin/ld: //lib/i386-linux-gnu/libavfilter.so.7: undefined reference to `av_sscanf@LIBAVUTIL_56'
collect2: error: ld returned 1 exit status
configure:12072: $? = 1
configure: failed program was:
| /* confdefs.h.  */
| #define PACKAGE_NAME ""
| #define PACKAGE_TARNAME ""
| #define PACKAGE_VERSION ""
| #define PACKAGE_STRING ""
| #define PACKAGE_BUGREPORT ""
| #define PACKAGE "xvidcap"
| #define VERSION "1.1.7"
| #define STDC_HEADERS 1
| #define GETTEXT_PACKAGE "xvidcap"
| #define HAVE_SYS_TYPES_H 1
| #define HAVE_SYS_STAT_H 1
| #define HAVE_STDLIB_H 1
| #define HAVE_STRING_H 1
| #define HAVE_MEMORY_H 1
| #define HAVE_STRINGS_H 1
| #define HAVE_INTTYPES_H 1
| #define HAVE_STDINT_H 1
| #define HAVE_UNISTD_H 1
| #define HAVE_LOCALE_H 1
| #define HAVE_LC_MESSAGES 1
| #define HAVE_BIND_TEXTDOMAIN_CODESET 1
| #define HAVE_GETTEXT 1
| #define HAVE_DCGETTEXT 1
| #define ENABLE_NLS 1
| #define HAVE_LIBXMU 1
| #define HAVE_LIBXFIXES 1
| #define HAVE_LIBXDAMAGE 1
| #define HAVE_LIBM 1
| #define HAVE_LIBMP3LAME 1
| #define HAVE_LIBOGG 1
| #define HAVE_LIBTHEORA 1
| #define HAVE_LIBAVUTIL 1
| #define HAVE_LIBSWSCALE 1
| /* end confdefs.h.  */
| 
| /* Override any GCC internal prototype to avoid an error.
|    Use char because int might match the return type of a GCC
|    builtin and then its argument prototype would still apply.  */
| #ifdef __cplusplus
| extern "C"
| #endif
| char avdevice_register_all ();
| int
| main ()
| {
| return avdevice_register_all ();
|   ;
|   return 0;
| }
configure:12090: result: no
configure:12304: checking for ANSI C header files
configure:12468: result: yes
configure:12500: checking fcntl.h usability
configure:12517: gcc -c -g -O2 -pthread  conftest.c >&5
configure:12523: $? = 0
configure:12537: result: yes
configure:12541: checking fcntl.h presence
configure:12556: gcc -E  conftest.c
configure:12562: $? = 0
configure:12576: result: yes
configure:12604: checking for fcntl.h
configure:12612: result: yes
configure:12500: checking limits.h usability
configure:12517: gcc -c -g -O2 -pthread  conftest.c >&5
configure:12523: $? = 0
configure:12537: result: yes
configure:12541: checking limits.h presence
configure:12556: gcc -E  conftest.c
configure:12562: $? = 0
configure:12576: result: yes
configure:12604: checking for limits.h
configure:12612: result: yes
configure:12490: checking for stdlib.h
configure:12496: result: yes
configure:12490: checking for string.h
configure:12496: result: yes
configure:12500: checking sys/ioctl.h usability
configure:12517: gcc -c -g -O2 -pthread  conftest.c >&5
configure:12523: $? = 0
configure:12537: result: yes
configure:12541: checking sys/ioctl.h presence
configure:12556: gcc -E  conftest.c
configure:12562: $? = 0
configure:12576: result: yes
configure:12604: checking for sys/ioctl.h
configure:12612: result: yes
configure:12500: checking sys/time.h usability
configure:12517: gcc -c -g -O2 -pthread  conftest.c >&5
configure:12523: $? = 0
configure:12537: result: yes
configure:12541: checking sys/time.h presence
configure:12556: gcc -E  conftest.c
configure:12562: $? = 0
configure:12576: result: yes
configure:12604: checking for sys/time.h
configure:12612: result: yes
configure:12490: checking for unistd.h
configure:12496: result: yes
configure:12490: checking for stdint.h
configure:12496: result: yes
configure:12643: checking ctype.h usability
configure:12660: gcc -c -g -O2 -pthread  conftest.c >&5
configure:12666: $? = 0
configure:12680: result: yes
configure:12684: checking ctype.h presence
configure:12699: gcc -E  conftest.c
configure:12705: $? = 0
configure:12719: result: yes
configure:12747: checking for ctype.h
configure:12755: result: yes
configure:12643: checking stat.h usability
configure:12660: gcc -c -g -O2 -pthread  conftest.c >&5
conftest.c:79:10: fatal error: stat.h: No such file or directory
 #include <stat.h>
          ^~~~~~~~
compilation terminated.
configure:12666: $? = 1
configure: failed program was:
| /* confdefs.h.  */
| #define PACKAGE_NAME ""
| #define PACKAGE_TARNAME ""
| #define PACKAGE_VERSION ""
| #define PACKAGE_STRING ""
| #define PACKAGE_BUGREPORT ""
| #define PACKAGE "xvidcap"
| #define VERSION "1.1.7"
| #define STDC_HEADERS 1
| #define GETTEXT_PACKAGE "xvidcap"
| #define HAVE_SYS_TYPES_H 1
| #define HAVE_SYS_STAT_H 1
| #define HAVE_STDLIB_H 1
| #define HAVE_STRING_H 1
| #define HAVE_MEMORY_H 1
| #define HAVE_STRINGS_H 1
| #define HAVE_INTTYPES_H 1
| #define HAVE_STDINT_H 1
| #define HAVE_UNISTD_H 1
| #define HAVE_LOCALE_H 1
| #define HAVE_LC_MESSAGES 1
| #define HAVE_BIND_TEXTDOMAIN_CODESET 1
| #define HAVE_GETTEXT 1
| #define HAVE_DCGETTEXT 1
| #define ENABLE_NLS 1
| #define HAVE_LIBXMU 1
| #define HAVE_LIBXFIXES 1
| #define HAVE_LIBXDAMAGE 1
| #define HAVE_LIBM 1
| #define HAVE_LIBMP3LAME 1
| #define HAVE_LIBOGG 1
| #define HAVE_LIBTHEORA 1
| #define HAVE_LIBAVUTIL 1
| #define HAVE_LIBSWSCALE 1
| #define STDC_HEADERS 1
| #define HAVE_FCNTL_H 1
| #define HAVE_LIMITS_H 1
| #define HAVE_STDLIB_H 1
| #define HAVE_STRING_H 1
| #define HAVE_SYS_IOCTL_H 1
| #define HAVE_SYS_TIME_H 1
| #define HAVE_UNISTD_H 1
| #define HAVE_STDINT_H 1
| #define HAVE_CTYPE_H 1
| /* end confdefs.h.  */
| #include <stdio.h>
| #ifdef HAVE_SYS_TYPES_H
| # include <sys/types.h>
| #endif
| #ifdef HAVE_SYS_STAT_H
| # include <sys/stat.h>
| #endif
| #ifdef STDC_HEADERS
| # include <stdlib.h>
| # include <stddef.h>
| #else
| # ifdef HAVE_STDLIB_H
| #  include <stdlib.h>
| # endif
| #endif
| #ifdef HAVE_STRING_H
| # if !defined STDC_HEADERS && defined HAVE_MEMORY_H
| #  include <memory.h>
| # endif
| # include <string.h>
| #endif
| #ifdef HAVE_STRINGS_H
| # include <strings.h>
| #endif
| #ifdef HAVE_INTTYPES_H
| # include <inttypes.h>
| #endif
| #ifdef HAVE_STDINT_H
| # include <stdint.h>
| #endif
| #ifdef HAVE_UNISTD_H
| # include <unistd.h>
| #endif
| #include <stat.h>
configure:12680: result: no
configure:12684: checking stat.h presence
configure:12699: gcc -E  conftest.c
conftest.c:46:10: fatal error: stat.h: No such file or directory
 #include <stat.h>
          ^~~~~~~~
compilation terminated.
configure:12705: $? = 1
configure: failed program was:
| /* confdefs.h.  */
| #define PACKAGE_NAME ""
| #define PACKAGE_TARNAME ""
| #define PACKAGE_VERSION ""
| #define PACKAGE_STRING ""
| #define PACKAGE_BUGREPORT ""
| #define PACKAGE "xvidcap"
| #define VERSION "1.1.7"
| #define STDC_HEADERS 1
| #define GETTEXT_PACKAGE "xvidcap"
| #define HAVE_SYS_TYPES_H 1
| #define HAVE_SYS_STAT_H 1
| #define HAVE_STDLIB_H 1
| #define HAVE_STRING_H 1
| #define HAVE_MEMORY_H 1
| #define HAVE_STRINGS_H 1
| #define HAVE_INTTYPES_H 1
| #define HAVE_STDINT_H 1
| #define HAVE_UNISTD_H 1
| #define HAVE_LOCALE_H 1
| #define HAVE_LC_MESSAGES 1
| #define HAVE_BIND_TEXTDOMAIN_CODESET 1
| #define HAVE_GETTEXT 1
| #define HAVE_DCGETTEXT 1
| #define ENABLE_NLS 1
| #define HAVE_LIBXMU 1
| #define HAVE_LIBXFIXES 1
| #define HAVE_LIBXDAMAGE 1
| #define HAVE_LIBM 1
| #define HAVE_LIBMP3LAME 1
| #define HAVE_LIBOGG 1
| #define HAVE_LIBTHEORA 1
| #define HAVE_LIBAVUTIL 1
| #define HAVE_LIBSWSCALE 1
| #define STDC_HEADERS 1
| #define HAVE_FCNTL_H 1
| #define HAVE_LIMITS_H 1
| #define HAVE_STDLIB_H 1
| #define HAVE_STRING_H 1
| #define HAVE_SYS_IOCTL_H 1
| #define HAVE_SYS_TIME_H 1
| #define HAVE_UNISTD_H 1
| #define HAVE_STDINT_H 1
| #define HAVE_CTYPE_H 1
| /* end confdefs.h.  */
| #include <stat.h>
configure:12719: result: no
configure:12747: checking for stat.h
configure:12755: result: no
configure:12643: checking errno.h usability
configure:12660: gcc -c -g -O2 -pthread  conftest.c >&5
configure:12666: $? = 0
configure:12680: result: yes
configure:12684: checking errno.h presence
configure:12699: gcc -E  conftest.c
configure:12705: $? = 0
configure:12719: result: yes
configure:12747: checking for errno.h
configure:12755: result: yes
configure:12643: checking netinet/in.h usability
configure:12660: gcc -c -g -O2 -pthread  conftest.c >&5
configure:12666: $? = 0
configure:12680: result: yes
configure:12684: checking netinet/in.h presence
configure:12699: gcc -E  conftest.c
configure:12705: $? = 0
configure:12719: result: yes
configure:12747: checking for netinet/in.h
configure:12755: result: yes
configure:12782: checking for an ANSI C-conforming const
configure:12857: gcc -c -g -O2 -pthread  conftest.c >&5
configure:12863: $? = 0
configure:12878: result: yes
configure:12888: checking whether time.h and sys/time.h may both be included
configure:12918: gcc -c -g -O2 -pthread  conftest.c >&5
configure:12924: $? = 0
configure:12939: result: yes
configure:12960: checking whether gcc needs -traditional
configure:13002: result: no
configure:13014: checking for stdlib.h
configure:13020: result: yes
configure:13149: checking for GNU libc compatible malloc
configure:13183: gcc -o conftest -g -O2 -pthread   conftest.c -lswscale -lavutil  -ltheora -logg -lmp3lame -lm -lXdamage -lXfixes -lXmu -lXext -lX11 >&5
configure:13186: $? = 0
configure:13192: ./conftest
configure:13195: $? = 0
configure:13211: result: yes
configure:13245: checking for stdlib.h
configure:13251: result: yes
configure:13245: checking for unistd.h
configure:13251: result: yes
configure:13384: checking for getpagesize
configure:13440: gcc -o conftest -g -O2 -pthread   conftest.c -lswscale -lavutil  -ltheora -logg -lmp3lame -lm -lXdamage -lXfixes -lXmu -lXext -lX11 >&5
configure:13446: $? = 0
configure:13464: result: yes
configure:13474: checking for working mmap
configure:13621: gcc -o conftest -g -O2 -pthread   conftest.c -lswscale -lavutil  -ltheora -logg -lmp3lame -lm -lXdamage -lXfixes -lXmu -lXext -lX11 >&5
configure:13624: $? = 0
configure:13630: ./conftest
configure:13633: $? = 0
configure:13649: result: yes
configure:13665: checking for stdlib.h
configure:13671: result: yes
configure:13800: checking for GNU libc compatible realloc
configure:13834: gcc -o conftest -g -O2 -pthread   conftest.c -lswscale -lavutil  -ltheora -logg -lmp3lame -lm -lXdamage -lXfixes -lXmu -lXext -lX11 >&5
configure:13837: $? = 0
configure:13843: ./conftest
configure:13846: $? = 0
configure:13862: result: yes
configure:13903: checking for fdatasync
configure:13959: gcc -o conftest -g -O2 -pthread   conftest.c -lswscale -lavutil  -ltheora -logg -lmp3lame -lm -lXdamage -lXfixes -lXmu -lXext -lX11 >&5
configure:13965: $? = 0
configure:13983: result: yes
configure:13903: checking for gettimeofday
configure:13959: gcc -o conftest -g -O2 -pthread   conftest.c -lswscale -lavutil  -ltheora -logg -lmp3lame -lm -lXdamage -lXfixes -lXmu -lXext -lX11 >&5
configure:13965: $? = 0
configure:13983: result: yes
configure:13903: checking for memmove
configure:13959: gcc -o conftest -g -O2 -pthread   conftest.c -lswscale -lavutil  -ltheora -logg -lmp3lame -lm -lXdamage -lXfixes -lXmu -lXext -lX11 >&5
conftest.c:82:6: warning: conflicting types for built-in function 'memmove' [-Wbuiltin-declaration-mismatch]
 char memmove ();
      ^~~~~~~
configure:13965: $? = 0
configure:13983: result: yes
configure:13903: checking for memset
configure:13959: gcc -o conftest -g -O2 -pthread   conftest.c -lswscale -lavutil  -ltheora -logg -lmp3lame -lm -lXdamage -lXfixes -lXmu -lXext -lX11 >&5
conftest.c:83:6: warning: conflicting types for built-in function 'memset' [-Wbuiltin-declaration-mismatch]
 char memset ();
      ^~~~~~
configure:13965: $? = 0
configure:13983: result: yes
configure:13903: checking for munmap
configure:13959: gcc -o conftest -g -O2 -pthread   conftest.c -lswscale -lavutil  -ltheora -logg -lmp3lame -lm -lXdamage -lXfixes -lXmu -lXext -lX11 >&5
configure:13965: $? = 0
configure:13983: result: yes
configure:13903: checking for strcasecmp
configure:13959: gcc -o conftest -g -O2 -pthread   conftest.c -lswscale -lavutil  -ltheora -logg -lmp3lame -lm -lXdamage -lXfixes -lXmu -lXext -lX11 >&5
conftest.c:85:6: warning: conflicting types for built-in function 'strcasecmp' [-Wbuiltin-declaration-mismatch]
 char strcasecmp ();
      ^~~~~~~~~~
configure:13965: $? = 0
configure:13983: result: yes
configure:13903: checking for strchr
configure:13959: gcc -o conftest -g -O2 -pthread   conftest.c -lswscale -lavutil  -ltheora -logg -lmp3lame -lm -lXdamage -lXfixes -lXmu -lXext -lX11 >&5
conftest.c:86:6: warning: conflicting types for built-in function 'strchr' [-Wbuiltin-declaration-mismatch]
 char strchr ();
      ^~~~~~
configure:13965: $? = 0
configure:13983: result: yes
configure:13903: checking for strdup
configure:13959: gcc -o conftest -g -O2 -pthread   conftest.c -lswscale -lavutil  -ltheora -logg -lmp3lame -lm -lXdamage -lXfixes -lXmu -lXext -lX11 >&5
conftest.c:87:6: warning: conflicting types for built-in function 'strdup' [-Wbuiltin-declaration-mismatch]
 char strdup ();
      ^~~~~~
configure:13965: $? = 0
configure:13983: result: yes
configure:13903: checking for strstr
configure:13959: gcc -o conftest -g -O2 -pthread   conftest.c -lswscale -lavutil  -ltheora -logg -lmp3lame -lm -lXdamage -lXfixes -lXmu -lXext -lX11 >&5
conftest.c:88:6: warning: conflicting types for built-in function 'strstr' [-Wbuiltin-declaration-mismatch]
 char strstr ();
      ^~~~~~
configure:13965: $? = 0
configure:13983: result: yes
configure:13903: checking for getopt_long
configure:13959: gcc -o conftest -g -O2 -pthread   conftest.c -lswscale -lavutil  -ltheora -logg -lmp3lame -lm -lXdamage -lXfixes -lXmu -lXext -lX11 >&5
configure:13965: $? = 0
configure:13983: result: yes
configure:14358: creating ./config.status

## ---------------------- ##
## Running config.status. ##
## ---------------------- ##

This file was extended by config.status, which was
generated by GNU Autoconf 2.61.  Invocation command line was

  CONFIG_FILES    = 
  CONFIG_HEADERS  = 
  CONFIG_LINKS    = 
  CONFIG_COMMANDS = 
  $ ./config.status 

on mx-linux

config.status:760: creating doc/Makefile
config.status:760: creating doc/xvidcap/Makefile
config.status:760: creating doc/xvidcap/C/Makefile
config.status:760: creating doc/xvidcap/de/Makefile
config.status:760: creating doc/xvidcap/it/Makefile
config.status:760: creating doc/xvidcap/es/Makefile
config.status:760: creating doc/man/Makefile
config.status:760: creating doc/man/C/Makefile
config.status:760: creating doc/man/de/Makefile
config.status:760: creating doc/man/it/Makefile
config.status:760: creating doc/man/es/Makefile
config.status:760: creating po/Makefile.in
config.status:760: creating debian/Makefile
config.status:760: creating src/Makefile
config.status:760: creating Makefile
config.status:760: creating config.h
config.status:1092: executing depfiles commands
config.status:1092: executing intltool commands
config.status:1092: executing default-1 commands
config.status:1092: executing po/stamp-it commands

## ---------------- ##
## Cache variables. ##
## ---------------- ##

ac_cv_build=i686-pc-linux-gnu
ac_cv_c_compiler_gnu=yes
ac_cv_c_const=yes
ac_cv_enable_libmp3lame=yes
ac_cv_enable_libtheora=yes
ac_cv_env_CC_set=
ac_cv_env_CC_value=
ac_cv_env_CFLAGS_set=
ac_cv_env_CFLAGS_value=
ac_cv_env_CPPFLAGS_set=
ac_cv_env_CPPFLAGS_value=
ac_cv_env_CPP_set=
ac_cv_env_CPP_value=
ac_cv_env_LDFLAGS_set=
ac_cv_env_LDFLAGS_value=
ac_cv_env_LIBS_set=set
ac_cv_env_LIBS_value='-lXext -lX11'
ac_cv_env_PACKAGE_CFLAGS_set=
ac_cv_env_PACKAGE_CFLAGS_value=
ac_cv_env_PACKAGE_LIBS_set=
ac_cv_env_PACKAGE_LIBS_value=
ac_cv_env_PKG_CONFIG_set=
ac_cv_env_PKG_CONFIG_value=
ac_cv_env_XMKMF_set=
ac_cv_env_XMKMF_value=
ac_cv_env_build_alias_set=
ac_cv_env_build_alias_value=
ac_cv_env_host_alias_set=
ac_cv_env_host_alias_value=
ac_cv_env_target_alias_set=
ac_cv_env_target_alias_value=
ac_cv_func_bind_textdomain_codeset=yes
ac_cv_func_connect=yes
ac_cv_func_dcgettext=yes
ac_cv_func_fdatasync=yes
ac_cv_func_gethostbyname=yes
ac_cv_func_getopt_long=yes
ac_cv_func_getpagesize=yes
ac_cv_func_gettimeofday=yes
ac_cv_func_malloc_0_nonnull=yes
ac_cv_func_memmove=yes
ac_cv_func_memset=yes
ac_cv_func_mmap_fixed_mapped=yes
ac_cv_func_munmap=yes
ac_cv_func_realloc_0_nonnull=yes
ac_cv_func_remove=yes
ac_cv_func_shmat=yes
ac_cv_func_strcasecmp=yes
ac_cv_func_strchr=yes
ac_cv_func_strdup=yes
ac_cv_func_strstr=yes
ac_cv_have_x='have_x=yes	ac_x_includes='\'''\''	ac_x_libraries='\'''\'''
ac_cv_header_ctype_h=yes
ac_cv_header_errno_h=yes
ac_cv_header_fcntl_h=yes
ac_cv_header_inttypes_h=yes
ac_cv_header_libintl_h=yes
ac_cv_header_limits_h=yes
ac_cv_header_locale_h=yes
ac_cv_header_memory_h=yes
ac_cv_header_netinet_in_h=yes
ac_cv_header_stat_h=no
ac_cv_header_stdc=yes
ac_cv_header_stdint_h=yes
ac_cv_header_stdlib_h=yes
ac_cv_header_string_h=yes
ac_cv_header_strings_h=yes
ac_cv_header_sys_ioctl_h=yes
ac_cv_header_sys_stat_h=yes
ac_cv_header_sys_time_h=yes
ac_cv_header_sys_types_h=yes
ac_cv_header_time=yes
ac_cv_header_unistd_h=yes
ac_cv_host=i686-pc-linux-gnu
ac_cv_lib_ICE_IceConnectionNumber=yes
ac_cv_lib_Xdamage_XDamageSubtract=yes
ac_cv_lib_Xfixes_XFixesGetCursorImage=yes
ac_cv_lib_Xmu_XmuClientWindow=yes
ac_cv_lib_avcodec_avcodec_encode_video=no
ac_cv_lib_avdevice_avdevice_register_all=no
ac_cv_lib_avformat_av_write_header=no
ac_cv_lib_avutil_av_rescale=yes
ac_cv_lib_m_pow=yes
ac_cv_lib_mp3lame_lame_init=yes
ac_cv_lib_ogg_ogg_sync_init=yes
ac_cv_lib_swscale_sws_scale=yes
ac_cv_lib_theora_theora_encode_init=yes
ac_cv_objext=o
ac_cv_path_BC=/usr/bin/bc
ac_cv_path_DOCBOOK2X_MAN=/usr/bin/docbook2x-man
ac_cv_path_EGREP='/usr/bin/grep -E'
ac_cv_path_GMSGFMT=/usr/bin/msgfmt
ac_cv_path_GREP=/usr/bin/grep
ac_cv_path_INTLTOOL_PERL=/usr/bin/perl
ac_cv_path_MSGFMT=/usr/bin/msgfmt
ac_cv_path_MSGMERGE=/usr/bin/msgmerge
ac_cv_path_SED=/usr/bin/sed
ac_cv_path_SK_CONFIG=/usr/bin/scrollkeeper-config
ac_cv_path_XGETTEXT=/usr/bin/xgettext
ac_cv_path_XML2PO=/usr/bin/xml2po
ac_cv_path_ac_pt_PKG_CONFIG=/usr/bin/pkg-config
ac_cv_path_install='/usr/bin/install -c'
ac_cv_path_mkdir=/usr/bin/mkdir
ac_cv_prog_AWK=gawk
ac_cv_prog_CPP='gcc -E'
ac_cv_prog_ac_ct_CC=gcc
ac_cv_prog_ac_ct_RANLIB=ranlib
ac_cv_prog_cc_c89=
ac_cv_prog_cc_g=yes
ac_cv_prog_gcc_traditional=no
ac_cv_prog_make_make_set=yes
ac_cv_search_strerror='none required'
ac_cv_with_embedded_ffmpeg=no
am_cv_CC_dependencies_compiler_type=gcc3
am_cv_prog_cc_stdc=
am_cv_val_LC_MESSAGES=yes
gt_cv_func_dgettext_libc=yes
gt_cv_func_dgettext_libintl=no
gt_cv_func_ngettext_libc=yes
gt_cv_have_gettext=yes
pkg_cv_PACKAGE_CFLAGS='-pthread -I/usr/include/libglade-2.0 -I/usr/include/gtk-2.0 -I/usr/lib/i386-linux-gnu/gtk-2.0/include -I/usr/include/gio-unix-2.0 -I/usr/include/cairo -I/usr/include/pango-1.0 -I/usr/include/atk-1.0 -I/usr/include/cairo -I/usr/include/pixman-1 -I/usr/include/gdk-pixbuf-2.0 -I/usr/include/libmount -I/usr/include/blkid -I/usr/include/pango-1.0 -I/usr/include/harfbuzz -I/usr/include/pango-1.0 -I/usr/include/fribidi -I/usr/include/uuid -I/usr/include/freetype2 -I/usr/include/libpng16 -I/usr/include/libxml2 -I/usr/include/glib-2.0 -I/usr/lib/i386-linux-gnu/glib-2.0/include'
pkg_cv_PACKAGE_LIBS='-lglade-2.0 -lgtk-x11-2.0 -lgdk-x11-2.0 -lpangocairo-1.0 -latk-1.0 -lcairo -lgdk_pixbuf-2.0 -lgio-2.0 -lpangoft2-1.0 -lpango-1.0 -lgobject-2.0 -lfontconfig -lfreetype -lxml2 -lgthread-2.0 -pthread -lglib-2.0'
pkg_cv_dbus_CFLAGS='-I/usr/include/dbus-1.0 -I/usr/lib/i386-linux-gnu/dbus-1.0/include -I/usr/include/glib-2.0 -I/usr/lib/i386-linux-gnu/glib-2.0/include'
pkg_cv_dbus_LIBS='-ldbus-glib-1 -ldbus-1 -lgobject-2.0 -lglib-2.0'

## ----------------- ##
## Output variables. ##
## ----------------- ##

ACLOCAL='${SHELL} /home/wachin/github-wachi_builds/xvidcap/xvidcap-patched-mx19/missing --run aclocal-1.10'
ALL_LINGUAS='de en it es'
AMDEPBACKSLASH='\'
AMDEP_FALSE='#'
AMDEP_TRUE=''
AMTAR='${SHELL} /home/wachin/github-wachi_builds/xvidcap/xvidcap-patched-mx19/missing --run tar'
AUTOCONF='${SHELL} /home/wachin/github-wachi_builds/xvidcap/xvidcap-patched-mx19/missing --run autoconf'
AUTOHEADER='${SHELL} /home/wachin/github-wachi_builds/xvidcap/xvidcap-patched-mx19/missing --run autoheader'
AUTOMAKE='${SHELL} /home/wachin/github-wachi_builds/xvidcap/xvidcap-patched-mx19/missing --run automake-1.10'
AWK='gawk'
BC='/usr/bin/bc'
CATALOGS=' de.gmo en.gmo it.gmo es.gmo'
CATOBJEXT='.gmo'
CC='gcc'
CCDEPMODE='depmode=gcc3'
CFLAGS='-g -O2 -pthread'
CPP='gcc -E'
CPPFLAGS=''
CYGPATH_W='echo'
DATADIRNAME='share'
DEFS='-DHAVE_CONFIG_H'
DEPDIR='.deps'
DOCBOOK2X_MAN='/usr/bin/docbook2x-man'
ECHO_C=''
ECHO_N='-n'
ECHO_T=''
EGREP='/usr/bin/grep -E'
EXEEXT=''
FREEBSD_FALSE=''
FREEBSD_TRUE='#'
GETTEXT_PACKAGE='xvidcap'
GMOFILES=' de.gmo en.gmo it.gmo es.gmo'
GMSGFMT='/usr/bin/msgfmt'
GREP='/usr/bin/grep'
HAVE_FFMPEG_AUDIO_FALSE=''
HAVE_FFMPEG_AUDIO_TRUE='#'
HAVE_GETOPT_LONG_FALSE='#'
HAVE_GETOPT_LONG_TRUE=''
HAVE_LIBMP3LAME_FALSE='#'
HAVE_LIBMP3LAME_TRUE=''
HAVE_LIBTHEORA_FALSE='#'
HAVE_LIBTHEORA_TRUE=''
HAVE_MALLOC_FALSE='#'
HAVE_MALLOC_TRUE=''
HAVE_REALLOC_FALSE='#'
HAVE_REALLOC_TRUE=''
HPUX_FALSE=''
HPUX_TRUE='#'
INSTALL_DATA='${INSTALL} -m 644'
INSTALL_PROGRAM='${INSTALL}'
INSTALL_SCRIPT='${INSTALL}'
INSTALL_STRIP_PROGRAM='$(install_sh) -c -s'
INSTOBJEXT='.mo'
INTLLIBS=''
INTLTOOL_CAVES_RULE='%.caves:     %.caves.in     $(INTLTOOL_MERGE) $(wildcard $(top_srcdir)/po/*.po) ; LC_ALL=C $(INTLTOOL_MERGE) -d -u -c $(top_builddir)/po/.intltool-merge-cache $(top_srcdir)/po $< $@'
INTLTOOL_DESKTOP_RULE='%.desktop:   %.desktop.in   $(INTLTOOL_MERGE) $(wildcard $(top_srcdir)/po/*.po) ; LC_ALL=C $(INTLTOOL_MERGE) -d -u -c $(top_builddir)/po/.intltool-merge-cache $(top_srcdir)/po $< $@'
INTLTOOL_DIRECTORY_RULE='%.directory: %.directory.in $(INTLTOOL_MERGE) $(wildcard $(top_srcdir)/po/*.po) ; LC_ALL=C $(INTLTOOL_MERGE) -d -u -c $(top_builddir)/po/.intltool-merge-cache $(top_srcdir)/po $< $@'
INTLTOOL_EXTRACT='$(top_builddir)/intltool-extract'
INTLTOOL_KBD_RULE='%.kbd:       %.kbd.in       $(INTLTOOL_MERGE) $(wildcard $(top_srcdir)/po/*.po) ; LC_ALL=C $(INTLTOOL_MERGE) -x -u -m -c $(top_builddir)/po/.intltool-merge-cache $(top_srcdir)/po $< $@'
INTLTOOL_KEYS_RULE='%.keys:      %.keys.in      $(INTLTOOL_MERGE) $(wildcard $(top_srcdir)/po/*.po) ; LC_ALL=C $(INTLTOOL_MERGE) -k -u -c $(top_builddir)/po/.intltool-merge-cache $(top_srcdir)/po $< $@'
INTLTOOL_MERGE='$(top_builddir)/intltool-merge'
INTLTOOL_OAF_RULE='%.oaf:       %.oaf.in       $(INTLTOOL_MERGE) $(wildcard $(top_srcdir)/po/*.po) ; LC_ALL=C $(INTLTOOL_MERGE) -o -p $(top_srcdir)/po $< $@'
INTLTOOL_PERL='/usr/bin/perl'
INTLTOOL_POLICY_RULE='%.policy:    %.policy.in    $(INTLTOOL_MERGE) $(wildcard $(top_srcdir)/po/*.po) ; LC_ALL=C $(INTLTOOL_MERGE) -x -u -c $(top_builddir)/po/.intltool-merge-cache $(top_srcdir)/po $< $@'
INTLTOOL_PONG_RULE='%.pong:      %.pong.in      $(INTLTOOL_MERGE) $(wildcard $(top_srcdir)/po/*.po) ; LC_ALL=C $(INTLTOOL_MERGE) -x -u -c $(top_builddir)/po/.intltool-merge-cache $(top_srcdir)/po $< $@'
INTLTOOL_PROP_RULE='%.prop:      %.prop.in      $(INTLTOOL_MERGE) $(wildcard $(top_srcdir)/po/*.po) ; LC_ALL=C $(INTLTOOL_MERGE) -d -u -c $(top_builddir)/po/.intltool-merge-cache $(top_srcdir)/po $< $@'
INTLTOOL_SCHEMAS_RULE='%.schemas:   %.schemas.in   $(INTLTOOL_MERGE) $(wildcard $(top_srcdir)/po/*.po) ; LC_ALL=C $(INTLTOOL_MERGE) -s -u -c $(top_builddir)/po/.intltool-merge-cache $(top_srcdir)/po $< $@'
INTLTOOL_SERVER_RULE='%.server:    %.server.in    $(INTLTOOL_MERGE) $(wildcard $(top_srcdir)/po/*.po) ; LC_ALL=C $(INTLTOOL_MERGE) -o -u -c $(top_builddir)/po/.intltool-merge-cache $(top_srcdir)/po $< $@'
INTLTOOL_SERVICE_RULE='%.service: %.service.in   $(INTLTOOL_MERGE) $(wildcard $(top_srcdir)/po/*.po) ; LC_ALL=C $(INTLTOOL_MERGE) -d -u -c $(top_builddir)/po/.intltool-merge-cache $(top_srcdir)/po $< $@'
INTLTOOL_SHEET_RULE='%.sheet:     %.sheet.in     $(INTLTOOL_MERGE) $(wildcard $(top_srcdir)/po/*.po) ; LC_ALL=C $(INTLTOOL_MERGE) -x -u -c $(top_builddir)/po/.intltool-merge-cache $(top_srcdir)/po $< $@'
INTLTOOL_SOUNDLIST_RULE='%.soundlist: %.soundlist.in $(INTLTOOL_MERGE) $(wildcard $(top_srcdir)/po/*.po) ; LC_ALL=C $(INTLTOOL_MERGE) -d -u -c $(top_builddir)/po/.intltool-merge-cache $(top_srcdir)/po $< $@'
INTLTOOL_THEME_RULE='%.theme:     %.theme.in     $(INTLTOOL_MERGE) $(wildcard $(top_srcdir)/po/*.po) ; LC_ALL=C $(INTLTOOL_MERGE) -d -u -c $(top_builddir)/po/.intltool-merge-cache $(top_srcdir)/po $< $@'
INTLTOOL_UI_RULE='%.ui:        %.ui.in        $(INTLTOOL_MERGE) $(wildcard $(top_srcdir)/po/*.po) ; LC_ALL=C $(INTLTOOL_MERGE) -x -u -c $(top_builddir)/po/.intltool-merge-cache $(top_srcdir)/po $< $@'
INTLTOOL_UPDATE='$(top_builddir)/intltool-update'
INTLTOOL_XAM_RULE='%.xam:       %.xml.in       $(INTLTOOL_MERGE) $(wildcard $(top_srcdir)/po/*.po) ; LC_ALL=C $(INTLTOOL_MERGE) -x -u -c $(top_builddir)/po/.intltool-merge-cache $(top_srcdir)/po $< $@'
INTLTOOL_XML_NOMERGE_RULE='%.xml:       %.xml.in       $(INTLTOOL_MERGE) ; LC_ALL=C $(INTLTOOL_MERGE) -x -u /tmp $< $@'
INTLTOOL_XML_RULE='%.xml:       %.xml.in       $(INTLTOOL_MERGE) $(wildcard $(top_srcdir)/po/*.po) ; LC_ALL=C $(INTLTOOL_MERGE) -x -u -c $(top_builddir)/po/.intltool-merge-cache $(top_srcdir)/po $< $@'
LDFLAGS=''
LIBOBJS=''
LIBS='-lswscale -lavutil  -ltheora -logg -lmp3lame -lm -lXdamage -lXfixes -lXmu -lXext -lX11'
LINUX_FALSE='#'
LINUX_TRUE=''
LTLIBOBJS=''
MAINT='#'
MAINTAINER_MODE_FALSE=''
MAINTAINER_MODE_TRUE='#'
MAKEINFO='${SHELL} /home/wachin/github-wachi_builds/xvidcap/xvidcap-patched-mx19/missing --run makeinfo'
MK=''
MKINSTALLDIRS='./mkinstalldirs'
MSGFMT='/usr/bin/msgfmt'
MSGFMT_OPTS='-c'
MSGMERGE='/usr/bin/msgmerge'
OBJEXT='o'
PACKAGE='xvidcap'
PACKAGE_BUGREPORT=''
PACKAGE_CFLAGS='-pthread -I/usr/include/libglade-2.0 -I/usr/include/gtk-2.0 -I/usr/lib/i386-linux-gnu/gtk-2.0/include -I/usr/include/gio-unix-2.0 -I/usr/include/cairo -I/usr/include/pango-1.0 -I/usr/include/atk-1.0 -I/usr/include/cairo -I/usr/include/pixman-1 -I/usr/include/gdk-pixbuf-2.0 -I/usr/include/libmount -I/usr/include/blkid -I/usr/include/pango-1.0 -I/usr/include/harfbuzz -I/usr/include/pango-1.0 -I/usr/include/fribidi -I/usr/include/uuid -I/usr/include/freetype2 -I/usr/include/libpng16 -I/usr/include/libxml2 -I/usr/include/glib-2.0 -I/usr/lib/i386-linux-gnu/glib-2.0/include -I/usr/include/dbus-1.0 -I/usr/lib/i386-linux-gnu/dbus-1.0/include -I/usr/include/glib-2.0 -I/usr/lib/i386-linux-gnu/glib-2.0/include'
PACKAGE_LIBS='-lglade-2.0 -lgtk-x11-2.0 -lgdk-x11-2.0 -lpangocairo-1.0 -latk-1.0 -lcairo -lgdk_pixbuf-2.0 -lgio-2.0 -lpangoft2-1.0 -lpango-1.0 -lgobject-2.0 -lfontconfig -lfreetype -lxml2 -lgthread-2.0 -pthread -lglib-2.0 -ldbus-glib-1 -ldbus-1 -lgobject-2.0 -lglib-2.0'
PACKAGE_NAME=''
PACKAGE_STRING=''
PACKAGE_TARNAME=''
PACKAGE_VERSION=''
PATH_SEPARATOR=':'
PKG_CONFIG='/usr/bin/pkg-config'
POFILES=' de.po en.po it.po es.po'
POSUB='po'
PO_IN_DATADIR_FALSE=''
PO_IN_DATADIR_TRUE=''
PTHREAD_CC='gcc'
PTHREAD_CFLAGS='-pthread'
PTHREAD_LIBS=''
RANLIB='ranlib'
SCROLLKEEPER_BUILD_REQUIRED='0.3.5'
SED='/usr/bin/sed'
SET_MAKE=''
SHELL='/bin/bash'
SK_CONFIG='/usr/bin/scrollkeeper-config'
SOLARIS_FALSE=''
SOLARIS_TRUE='#'
STATIC_AVCODEC_FALSE=''
STATIC_AVCODEC_TRUE='#'
STATIC_AVFORMAT_FALSE=''
STATIC_AVFORMAT_TRUE='#'
STATIC_AVUTIL_FALSE=''
STATIC_AVUTIL_TRUE='#'
STRIP=''
USE_DBUS_FALSE='#'
USE_DBUS_TRUE=''
USE_NLS='yes'
VERSION='1.1.7'
XGETTEXT='/usr/bin/xgettext'
XMKMF=''
XML2PO='/usr/bin/xml2po'
X_CFLAGS=''
X_EXTRA_LIBS=''
X_LIBS=''
X_PRE_LIBS=' -lSM -lICE'
ac_ct_CC='gcc'
acx_pthread_config=''
am__fastdepCC_FALSE='#'
am__fastdepCC_TRUE=''
am__include='include'
am__isrc=''
am__leading_dot='.'
am__quote=''
am__tar='${AMTAR} chof - "$$tardir"'
am__untar='${AMTAR} xf -'
bindir='${exec_prefix}/bin'
build='i686-pc-linux-gnu'
build_alias=''
build_cpu='i686'
build_os='linux-gnu'
build_vendor='pc'
datadir='${datarootdir}'
datarootdir='${prefix}/share'
docdir='${datarootdir}/doc/${PACKAGE}'
dvidir='${docdir}'
exec_prefix='${prefix}'
host='i686-pc-linux-gnu'
host_alias=''
host_cpu='i686'
host_os='linux-gnu'
host_vendor='pc'
htmldir='${docdir}'
includedir='${prefix}/include'
infodir='${datarootdir}/info'
install_sh='$(SHELL) /home/wachin/github-wachi_builds/xvidcap/xvidcap-patched-mx19/install-sh'
libdir='${exec_prefix}/lib'
libexecdir='${exec_prefix}/libexec'
localedir='${datarootdir}/locale'
localstatedir='${prefix}/var'
mandir='${datarootdir}/man'
mkdir_p='/usr/bin/mkdir -p'
oldincludedir='/usr/include'
pdfdir='${docdir}'
prefix='/usr/local'
program_transform_name='s,x,x,'
psdir='${docdir}'
sbindir='${exec_prefix}/sbin'
sharedstatedir='${prefix}/com'
sysconfdir='${prefix}/etc'
target_alias=''

## ----------- ##
## confdefs.h. ##
## ----------- ##

#define PACKAGE_NAME ""
#define PACKAGE_TARNAME ""
#define PACKAGE_VERSION ""
#define PACKAGE_STRING ""
#define PACKAGE_BUGREPORT ""
#define PACKAGE "xvidcap"
#define VERSION "1.1.7"
#define STDC_HEADERS 1
#define GETTEXT_PACKAGE "xvidcap"
#define HAVE_SYS_TYPES_H 1
#define HAVE_SYS_STAT_H 1
#define HAVE_STDLIB_H 1
#define HAVE_STRING_H 1
#define HAVE_MEMORY_H 1
#define HAVE_STRINGS_H 1
#define HAVE_INTTYPES_H 1
#define HAVE_STDINT_H 1
#define HAVE_UNISTD_H 1
#define HAVE_LOCALE_H 1
#define HAVE_LC_MESSAGES 1
#define HAVE_BIND_TEXTDOMAIN_CODESET 1
#define HAVE_GETTEXT 1
#define HAVE_DCGETTEXT 1
#define ENABLE_NLS 1
#define HAVE_LIBXMU 1
#define HAVE_LIBXFIXES 1
#define HAVE_LIBXDAMAGE 1
#define HAVE_LIBM 1
#define HAVE_LIBMP3LAME 1
#define HAVE_LIBOGG 1
#define HAVE_LIBTHEORA 1
#define HAVE_LIBAVUTIL 1
#define HAVE_LIBSWSCALE 1
#define STDC_HEADERS 1
#define HAVE_FCNTL_H 1
#define HAVE_LIMITS_H 1
#define HAVE_STDLIB_H 1
#define HAVE_STRING_H 1
#define HAVE_SYS_IOCTL_H 1
#define HAVE_SYS_TIME_H 1
#define HAVE_UNISTD_H 1
#define HAVE_STDINT_H 1
#define HAVE_CTYPE_H 1
#define HAVE_ERRNO_H 1
#define HAVE_NETINET_IN_H 1
#define TIME_WITH_SYS_TIME 1
#define HAVE_STDLIB_H 1
#define HAVE_MALLOC 1
#define HAVE_STDLIB_H 1
#define HAVE_UNISTD_H 1
#define HAVE_GETPAGESIZE 1
#define HAVE_MMAP 1
#define HAVE_STDLIB_H 1
#define HAVE_REALLOC 1
#define HAVE_FDATASYNC 1
#define HAVE_GETTIMEOFDAY 1
#define HAVE_MEMMOVE 1
#define HAVE_MEMSET 1
#define HAVE_MUNMAP 1
#define HAVE_STRCASECMP 1
#define HAVE_STRCHR 1
#define HAVE_STRDUP 1
#define HAVE_STRSTR 1
#define HAVE_GETOPT_LONG 1
#define HAVE_SHMAT 1
#define LINUX 1
#define USE_XDAMAGE 1
#define USE_DBUS 1

configure: exit 0
